2019-03-01 11:30:08,502 [Worker-0] INFO  c.g.t.t.d.PublishedGradleVersions - Gradle version information cache is up-to-date. Trying to read.
2019-03-01 11:30:40,641 [Worker-4] INFO  o.e.m.c.i.l.LifecycleMappingFactory - Using org.eclipse.m2e.jdt.JarLifecycleMapping lifecycle mapping for MavenProject: com.qa:SeleniumAssessment:0.0.1-SNAPSHOT @ C:\Users\Admin\Desktop\Assessment\SeleniumAssessment\pom.xml.
2019-03-01 11:30:41,042 [Worker-4] INFO  o.e.m.j.i.AbstractJavaProjectConfigurator - Adding source folder /SeleniumAssessment/src/main/java
2019-03-01 11:30:41,044 [Worker-4] INFO  o.e.m.j.i.AbstractJavaProjectConfigurator - Adding resource folder /SeleniumAssessment/src/main/resources
2019-03-01 11:30:41,044 [Worker-4] INFO  o.e.m.j.i.AbstractJavaProjectConfigurator - Adding source folder /SeleniumAssessment/src/test/java
2019-03-01 11:30:41,045 [Worker-4] INFO  o.e.m.j.i.AbstractJavaProjectConfigurator - Adding resource folder /SeleniumAssessment/src/test/resources
2019-03-01 11:30:41,860 [Worker-2] WARN  o.e.m.c.i.embedder.EclipseLogger - Using platform encoding (Cp1252 actually) to copy filtered resources, i.e. build is platform dependent!
2019-03-01 11:30:41,865 [Worker-2] INFO  o.e.m.c.i.embedder.EclipseLogger - Copying 0 resource
2019-03-01 11:30:41,867 [Worker-2] WARN  o.e.m.c.i.embedder.EclipseLogger - Using platform encoding (Cp1252 actually) to copy filtered resources, i.e. build is platform dependent!
2019-03-01 11:30:41,868 [Worker-2] INFO  o.e.m.c.i.embedder.EclipseLogger - Copying 0 resource
2019-03-01 11:32:07,061 [Worker-8] INFO  o.e.m.c.i.l.LifecycleMappingFactory - Using org.eclipse.m2e.jdt.JarLifecycleMapping lifecycle mapping for MavenProject: com.qa:SeleniumAssessment:0.0.1-SNAPSHOT @ C:\Users\Admin\Desktop\Assessment\SeleniumAssessment\pom.xml.
2019-03-01 11:32:07,389 [Worker-8] WARN  o.e.m.c.i.embedder.EclipseLogger - Using platform encoding (Cp1252 actually) to copy filtered resources, i.e. build is platform dependent!
2019-03-01 11:32:07,391 [Worker-8] INFO  o.e.m.c.i.embedder.EclipseLogger - Copying 0 resource
2019-03-01 11:32:07,393 [Worker-8] WARN  o.e.m.c.i.embedder.EclipseLogger - Using platform encoding (Cp1252 actually) to copy filtered resources, i.e. build is platform dependent!
2019-03-01 11:32:07,394 [Worker-8] INFO  o.e.m.c.i.embedder.EclipseLogger - Copying 0 resource
2019-03-01 11:32:50,676 [Worker-5] INFO  o.e.m.i.launch.MavenLaunchDelegate - C:\Users\Admin\Desktop\Assessment\SeleniumAssessment
2019-03-01 11:32:50,676 [Worker-5] INFO  o.e.m.i.launch.MavenLaunchDelegate -  mvn -B install
2019-03-01 11:32:52,815 [Worker-13] WARN  o.e.m.c.i.embedder.EclipseLogger - Using platform encoding (Cp1252 actually) to copy filtered resources, i.e. build is platform dependent!
2019-03-01 11:32:52,816 [Worker-13] INFO  o.e.m.c.i.embedder.EclipseLogger - Copying 0 resource
2019-03-01 11:32:52,817 [Worker-13] WARN  o.e.m.c.i.embedder.EclipseLogger - Using platform encoding (Cp1252 actually) to copy filtered resources, i.e. build is platform dependent!
2019-03-01 11:32:52,823 [Worker-13] INFO  o.e.m.c.i.embedder.EclipseLogger - Copying 0 resource
2019-03-01 11:51:55,747 [Worker-1] WARN  o.e.m.c.i.embedder.EclipseLogger - Using platform encoding (Cp1252 actually) to copy filtered resources, i.e. build is platform dependent!
2019-03-01 11:51:55,764 [Worker-1] INFO  o.e.m.c.i.embedder.EclipseLogger - Copying 0 resource
2019-03-01 11:51:55,765 [Worker-1] WARN  o.e.m.c.i.embedder.EclipseLogger - Using platform encoding (Cp1252 actually) to copy filtered resources, i.e. build is platform dependent!
2019-03-01 11:51:55,769 [Worker-1] INFO  o.e.m.c.i.embedder.EclipseLogger - Copying 0 resource
2019-03-01 11:57:16,511 [Worker-16] WARN  o.e.m.c.i.embedder.EclipseLogger - Using platform encoding (Cp1252 actually) to copy filtered resources, i.e. build is platform dependent!
2019-03-01 11:57:16,513 [Worker-16] INFO  o.e.m.c.i.embedder.EclipseLogger - Copying 0 resource
2019-03-01 11:57:16,514 [Worker-16] WARN  o.e.m.c.i.embedder.EclipseLogger - Using platform encoding (Cp1252 actually) to copy filtered resources, i.e. build is platform dependent!
2019-03-01 11:57:16,515 [Worker-16] INFO  o.e.m.c.i.embedder.EclipseLogger - Copying 0 resource
2019-03-01 11:57:20,918 [Worker-15] WARN  o.e.m.c.i.embedder.EclipseLogger - Using platform encoding (Cp1252 actually) to copy filtered resources, i.e. build is platform dependent!
2019-03-01 11:57:20,922 [Worker-15] INFO  o.e.m.c.i.embedder.EclipseLogger - Copying 0 resource
2019-03-01 11:57:20,923 [Worker-15] WARN  o.e.m.c.i.embedder.EclipseLogger - Using platform encoding (Cp1252 actually) to copy filtered resources, i.e. build is platform dependent!
2019-03-01 11:57:20,924 [Worker-15] INFO  o.e.m.c.i.embedder.EclipseLogger - Copying 0 resource
2019-03-01 11:57:31,116 [Worker-17] WARN  o.e.m.c.i.embedder.EclipseLogger - Using platform encoding (Cp1252 actually) to copy filtered resources, i.e. build is platform dependent!
2019-03-01 11:57:31,122 [Worker-17] INFO  o.e.m.c.i.embedder.EclipseLogger - Copying 0 resource
2019-03-01 11:57:31,123 [Worker-17] WARN  o.e.m.c.i.embedder.EclipseLogger - Using platform encoding (Cp1252 actually) to copy filtered resources, i.e. build is platform dependent!
2019-03-01 11:57:31,126 [Worker-17] INFO  o.e.m.c.i.embedder.EclipseLogger - Copying 0 resource
2019-03-01 11:58:15,755 [Worker-17] WARN  o.e.m.c.i.embedder.EclipseLogger - Using platform encoding (Cp1252 actually) to copy filtered resources, i.e. build is platform dependent!
2019-03-01 11:58:15,758 [Worker-17] INFO  o.e.m.c.i.embedder.EclipseLogger - Copying 0 resource
2019-03-01 11:58:15,760 [Worker-17] WARN  o.e.m.c.i.embedder.EclipseLogger - Using platform encoding (Cp1252 actually) to copy filtered resources, i.e. build is platform dependent!
2019-03-01 11:58:15,762 [Worker-17] INFO  o.e.m.c.i.embedder.EclipseLogger - Copying 0 resource
2019-03-01 11:59:14,083 [Worker-18] WARN  o.e.m.c.i.embedder.EclipseLogger - Using platform encoding (Cp1252 actually) to copy filtered resources, i.e. build is platform dependent!
2019-03-01 11:59:14,085 [Worker-18] INFO  o.e.m.c.i.embedder.EclipseLogger - Copying 0 resource
2019-03-01 11:59:14,086 [Worker-18] WARN  o.e.m.c.i.embedder.EclipseLogger - Using platform encoding (Cp1252 actually) to copy filtered resources, i.e. build is platform dependent!
2019-03-01 11:59:14,087 [Worker-18] INFO  o.e.m.c.i.embedder.EclipseLogger - Copying 0 resource
2019-03-01 12:00:05,703 [Worker-17] WARN  o.e.m.c.i.embedder.EclipseLogger - Using platform encoding (Cp1252 actually) to copy filtered resources, i.e. build is platform dependent!
2019-03-01 12:00:05,706 [Worker-17] INFO  o.e.m.c.i.embedder.EclipseLogger - Copying 0 resource
2019-03-01 12:00:05,709 [Worker-17] WARN  o.e.m.c.i.embedder.EclipseLogger - Using platform encoding (Cp1252 actually) to copy filtered resources, i.e. build is platform dependent!
2019-03-01 12:00:05,712 [Worker-17] INFO  o.e.m.c.i.embedder.EclipseLogger - Copying 0 resource
2019-03-01 12:00:23,879 [Worker-10] WARN  o.e.m.c.i.embedder.EclipseLogger - Using platform encoding (Cp1252 actually) to copy filtered resources, i.e. build is platform dependent!
2019-03-01 12:00:23,881 [Worker-10] INFO  o.e.m.c.i.embedder.EclipseLogger - Copying 0 resource
2019-03-01 12:00:23,882 [Worker-10] WARN  o.e.m.c.i.embedder.EclipseLogger - Using platform encoding (Cp1252 actually) to copy filtered resources, i.e. build is platform dependent!
2019-03-01 12:00:23,885 [Worker-10] INFO  o.e.m.c.i.embedder.EclipseLogger - Copying 0 resource
2019-03-01 12:01:44,283 [Worker-18] WARN  o.e.m.c.i.embedder.EclipseLogger - Using platform encoding (Cp1252 actually) to copy filtered resources, i.e. build is platform dependent!
2019-03-01 12:01:44,285 [Worker-18] INFO  o.e.m.c.i.embedder.EclipseLogger - Copying 0 resource
2019-03-01 12:01:44,289 [Worker-18] WARN  o.e.m.c.i.embedder.EclipseLogger - Using platform encoding (Cp1252 actually) to copy filtered resources, i.e. build is platform dependent!
2019-03-01 12:01:44,291 [Worker-18] INFO  o.e.m.c.i.embedder.EclipseLogger - Copying 0 resource
2019-03-01 12:03:42,721 [Worker-16] WARN  o.e.m.c.i.embedder.EclipseLogger - Using platform encoding (Cp1252 actually) to copy filtered resources, i.e. build is platform dependent!
2019-03-01 12:03:42,723 [Worker-16] INFO  o.e.m.c.i.embedder.EclipseLogger - Copying 0 resource
2019-03-01 12:03:42,726 [Worker-16] WARN  o.e.m.c.i.embedder.EclipseLogger - Using platform encoding (Cp1252 actually) to copy filtered resources, i.e. build is platform dependent!
2019-03-01 12:03:42,727 [Worker-16] INFO  o.e.m.c.i.embedder.EclipseLogger - Copying 0 resource
2019-03-01 12:04:00,607 [Worker-16] WARN  o.e.m.c.i.embedder.EclipseLogger - Using platform encoding (Cp1252 actually) to copy filtered resources, i.e. build is platform dependent!
2019-03-01 12:04:00,610 [Worker-16] INFO  o.e.m.c.i.embedder.EclipseLogger - Copying 0 resource
2019-03-01 12:04:00,611 [Worker-16] WARN  o.e.m.c.i.embedder.EclipseLogger - Using platform encoding (Cp1252 actually) to copy filtered resources, i.e. build is platform dependent!
2019-03-01 12:04:00,612 [Worker-16] INFO  o.e.m.c.i.embedder.EclipseLogger - Copying 0 resource
2019-03-01 12:04:19,463 [Worker-10] WARN  o.e.m.c.i.embedder.EclipseLogger - Using platform encoding (Cp1252 actually) to copy filtered resources, i.e. build is platform dependent!
2019-03-01 12:04:19,464 [Worker-10] INFO  o.e.m.c.i.embedder.EclipseLogger - Copying 0 resource
2019-03-01 12:04:19,465 [Worker-10] WARN  o.e.m.c.i.embedder.EclipseLogger - Using platform encoding (Cp1252 actually) to copy filtered resources, i.e. build is platform dependent!
2019-03-01 12:04:19,467 [Worker-10] INFO  o.e.m.c.i.embedder.EclipseLogger - Copying 0 resource
2019-03-01 12:11:02,741 [Worker-0] WARN  o.e.m.c.i.embedder.EclipseLogger - Using platform encoding (Cp1252 actually) to copy filtered resources, i.e. build is platform dependent!
2019-03-01 12:11:02,743 [Worker-0] INFO  o.e.m.c.i.embedder.EclipseLogger - Copying 0 resource
2019-03-01 12:11:02,744 [Worker-0] WARN  o.e.m.c.i.embedder.EclipseLogger - Using platform encoding (Cp1252 actually) to copy filtered resources, i.e. build is platform dependent!
2019-03-01 12:11:02,746 [Worker-0] INFO  o.e.m.c.i.embedder.EclipseLogger - Copying 0 resource
2019-03-01 12:13:17,604 [Worker-10] WARN  o.e.m.c.i.embedder.EclipseLogger - Using platform encoding (Cp1252 actually) to copy filtered resources, i.e. build is platform dependent!
2019-03-01 12:13:17,606 [Worker-10] INFO  o.e.m.c.i.embedder.EclipseLogger - Copying 0 resource
2019-03-01 12:13:17,609 [Worker-10] WARN  o.e.m.c.i.embedder.EclipseLogger - Using platform encoding (Cp1252 actually) to copy filtered resources, i.e. build is platform dependent!
2019-03-01 12:13:17,611 [Worker-10] INFO  o.e.m.c.i.embedder.EclipseLogger - Copying 0 resource
2019-03-01 12:15:23,090 [Worker-0] WARN  o.e.m.c.i.embedder.EclipseLogger - Using platform encoding (Cp1252 actually) to copy filtered resources, i.e. build is platform dependent!
2019-03-01 12:15:23,091 [Worker-0] INFO  o.e.m.c.i.embedder.EclipseLogger - Copying 0 resource
2019-03-01 12:15:23,092 [Worker-0] WARN  o.e.m.c.i.embedder.EclipseLogger - Using platform encoding (Cp1252 actually) to copy filtered resources, i.e. build is platform dependent!
2019-03-01 12:15:23,093 [Worker-0] INFO  o.e.m.c.i.embedder.EclipseLogger - Copying 0 resource
2019-03-01 12:16:05,762 [Worker-0] WARN  o.e.m.c.i.embedder.EclipseLogger - Using platform encoding (Cp1252 actually) to copy filtered resources, i.e. build is platform dependent!
2019-03-01 12:16:05,764 [Worker-0] INFO  o.e.m.c.i.embedder.EclipseLogger - Copying 0 resource
2019-03-01 12:16:05,765 [Worker-0] WARN  o.e.m.c.i.embedder.EclipseLogger - Using platform encoding (Cp1252 actually) to copy filtered resources, i.e. build is platform dependent!
2019-03-01 12:16:05,766 [Worker-0] INFO  o.e.m.c.i.embedder.EclipseLogger - Copying 0 resource
2019-03-01 12:16:32,084 [Worker-10] WARN  o.e.m.c.i.embedder.EclipseLogger - Using platform encoding (Cp1252 actually) to copy filtered resources, i.e. build is platform dependent!
2019-03-01 12:16:32,086 [Worker-10] INFO  o.e.m.c.i.embedder.EclipseLogger - Copying 0 resource
2019-03-01 12:16:32,090 [Worker-10] WARN  o.e.m.c.i.embedder.EclipseLogger - Using platform encoding (Cp1252 actually) to copy filtered resources, i.e. build is platform dependent!
2019-03-01 12:16:32,092 [Worker-10] INFO  o.e.m.c.i.embedder.EclipseLogger - Copying 0 resource
2019-03-01 12:16:54,335 [Worker-18] WARN  o.e.m.c.i.embedder.EclipseLogger - Using platform encoding (Cp1252 actually) to copy filtered resources, i.e. build is platform dependent!
2019-03-01 12:16:54,340 [Worker-18] INFO  o.e.m.c.i.embedder.EclipseLogger - Copying 0 resource
2019-03-01 12:16:54,341 [Worker-18] WARN  o.e.m.c.i.embedder.EclipseLogger - Using platform encoding (Cp1252 actually) to copy filtered resources, i.e. build is platform dependent!
2019-03-01 12:16:54,345 [Worker-18] INFO  o.e.m.c.i.embedder.EclipseLogger - Copying 0 resource
2019-03-01 12:18:51,228 [Worker-0] WARN  o.e.m.c.i.embedder.EclipseLogger - Using platform encoding (Cp1252 actually) to copy filtered resources, i.e. build is platform dependent!
2019-03-01 12:18:51,229 [Worker-0] INFO  o.e.m.c.i.embedder.EclipseLogger - Copying 0 resource
2019-03-01 12:18:51,230 [Worker-0] WARN  o.e.m.c.i.embedder.EclipseLogger - Using platform encoding (Cp1252 actually) to copy filtered resources, i.e. build is platform dependent!
2019-03-01 12:18:51,232 [Worker-0] INFO  o.e.m.c.i.embedder.EclipseLogger - Copying 0 resource
2019-03-01 12:18:56,820 [Worker-10] WARN  o.e.m.c.i.embedder.EclipseLogger - Using platform encoding (Cp1252 actually) to copy filtered resources, i.e. build is platform dependent!
2019-03-01 12:18:56,822 [Worker-10] INFO  o.e.m.c.i.embedder.EclipseLogger - Copying 0 resource
2019-03-01 12:18:56,823 [Worker-10] WARN  o.e.m.c.i.embedder.EclipseLogger - Using platform encoding (Cp1252 actually) to copy filtered resources, i.e. build is platform dependent!
2019-03-01 12:18:56,824 [Worker-10] INFO  o.e.m.c.i.embedder.EclipseLogger - Copying 0 resource
2019-03-01 12:22:18,560 [Worker-18] WARN  o.e.m.c.i.embedder.EclipseLogger - Using platform encoding (Cp1252 actually) to copy filtered resources, i.e. build is platform dependent!
2019-03-01 12:22:18,562 [Worker-18] INFO  o.e.m.c.i.embedder.EclipseLogger - Copying 0 resource
2019-03-01 12:22:18,563 [Worker-18] WARN  o.e.m.c.i.embedder.EclipseLogger - Using platform encoding (Cp1252 actually) to copy filtered resources, i.e. build is platform dependent!
2019-03-01 12:22:18,565 [Worker-18] INFO  o.e.m.c.i.embedder.EclipseLogger - Copying 0 resource
2019-03-01 12:23:47,205 [Worker-17] WARN  o.e.m.c.i.embedder.EclipseLogger - Using platform encoding (Cp1252 actually) to copy filtered resources, i.e. build is platform dependent!
2019-03-01 12:23:47,206 [Worker-17] INFO  o.e.m.c.i.embedder.EclipseLogger - Copying 0 resource
2019-03-01 12:23:47,207 [Worker-17] WARN  o.e.m.c.i.embedder.EclipseLogger - Using platform encoding (Cp1252 actually) to copy filtered resources, i.e. build is platform dependent!
2019-03-01 12:23:47,208 [Worker-17] INFO  o.e.m.c.i.embedder.EclipseLogger - Copying 0 resource
2019-03-01 12:24:59,380 [Worker-18] WARN  o.e.m.c.i.embedder.EclipseLogger - Using platform encoding (Cp1252 actually) to copy filtered resources, i.e. build is platform dependent!
2019-03-01 12:24:59,381 [Worker-18] INFO  o.e.m.c.i.embedder.EclipseLogger - Copying 0 resource
2019-03-01 12:24:59,382 [Worker-18] WARN  o.e.m.c.i.embedder.EclipseLogger - Using platform encoding (Cp1252 actually) to copy filtered resources, i.e. build is platform dependent!
2019-03-01 12:24:59,383 [Worker-18] INFO  o.e.m.c.i.embedder.EclipseLogger - Copying 0 resource
2019-03-01 12:26:15,893 [Worker-10] WARN  o.e.m.c.i.embedder.EclipseLogger - Using platform encoding (Cp1252 actually) to copy filtered resources, i.e. build is platform dependent!
2019-03-01 12:26:15,895 [Worker-10] INFO  o.e.m.c.i.embedder.EclipseLogger - Copying 0 resource
2019-03-01 12:26:15,897 [Worker-10] WARN  o.e.m.c.i.embedder.EclipseLogger - Using platform encoding (Cp1252 actually) to copy filtered resources, i.e. build is platform dependent!
2019-03-01 12:26:15,899 [Worker-10] INFO  o.e.m.c.i.embedder.EclipseLogger - Copying 0 resource
2019-03-01 12:27:13,376 [Worker-10] WARN  o.e.m.c.i.embedder.EclipseLogger - Using platform encoding (Cp1252 actually) to copy filtered resources, i.e. build is platform dependent!
2019-03-01 12:27:13,377 [Worker-10] INFO  o.e.m.c.i.embedder.EclipseLogger - Copying 0 resource
2019-03-01 12:27:13,379 [Worker-10] WARN  o.e.m.c.i.embedder.EclipseLogger - Using platform encoding (Cp1252 actually) to copy filtered resources, i.e. build is platform dependent!
2019-03-01 12:27:13,380 [Worker-10] INFO  o.e.m.c.i.embedder.EclipseLogger - Copying 0 resource
2019-03-01 12:28:21,688 [Worker-10] WARN  o.e.m.c.i.embedder.EclipseLogger - Using platform encoding (Cp1252 actually) to copy filtered resources, i.e. build is platform dependent!
2019-03-01 12:28:21,689 [Worker-10] INFO  o.e.m.c.i.embedder.EclipseLogger - Copying 0 resource
2019-03-01 12:28:21,690 [Worker-10] WARN  o.e.m.c.i.embedder.EclipseLogger - Using platform encoding (Cp1252 actually) to copy filtered resources, i.e. build is platform dependent!
2019-03-01 12:28:21,692 [Worker-10] INFO  o.e.m.c.i.embedder.EclipseLogger - Copying 0 resource
2019-03-01 12:29:08,583 [Worker-16] WARN  o.e.m.c.i.embedder.EclipseLogger - Using platform encoding (Cp1252 actually) to copy filtered resources, i.e. build is platform dependent!
2019-03-01 12:29:08,584 [Worker-16] INFO  o.e.m.c.i.embedder.EclipseLogger - Copying 0 resource
2019-03-01 12:29:08,585 [Worker-16] WARN  o.e.m.c.i.embedder.EclipseLogger - Using platform encoding (Cp1252 actually) to copy filtered resources, i.e. build is platform dependent!
2019-03-01 12:29:08,587 [Worker-16] INFO  o.e.m.c.i.embedder.EclipseLogger - Copying 0 resource
2019-03-01 12:30:44,125 [Worker-10] WARN  o.e.m.c.i.embedder.EclipseLogger - Using platform encoding (Cp1252 actually) to copy filtered resources, i.e. build is platform dependent!
2019-03-01 12:30:44,128 [Worker-10] INFO  o.e.m.c.i.embedder.EclipseLogger - Copying 0 resource
2019-03-01 12:30:44,129 [Worker-10] WARN  o.e.m.c.i.embedder.EclipseLogger - Using platform encoding (Cp1252 actually) to copy filtered resources, i.e. build is platform dependent!
2019-03-01 12:30:44,131 [Worker-10] INFO  o.e.m.c.i.embedder.EclipseLogger - Copying 0 resource
2019-03-01 12:31:40,075 [Worker-20] WARN  o.e.m.c.i.embedder.EclipseLogger - Using platform encoding (Cp1252 actually) to copy filtered resources, i.e. build is platform dependent!
2019-03-01 12:31:40,076 [Worker-20] INFO  o.e.m.c.i.embedder.EclipseLogger - Copying 0 resource
2019-03-01 12:31:40,077 [Worker-20] WARN  o.e.m.c.i.embedder.EclipseLogger - Using platform encoding (Cp1252 actually) to copy filtered resources, i.e. build is platform dependent!
2019-03-01 12:31:40,079 [Worker-20] INFO  o.e.m.c.i.embedder.EclipseLogger - Copying 0 resource
2019-03-01 12:32:30,964 [Worker-19] WARN  o.e.m.c.i.embedder.EclipseLogger - Using platform encoding (Cp1252 actually) to copy filtered resources, i.e. build is platform dependent!
2019-03-01 12:32:30,966 [Worker-19] INFO  o.e.m.c.i.embedder.EclipseLogger - Copying 0 resource
2019-03-01 12:32:30,966 [Worker-19] WARN  o.e.m.c.i.embedder.EclipseLogger - Using platform encoding (Cp1252 actually) to copy filtered resources, i.e. build is platform dependent!
2019-03-01 12:32:30,968 [Worker-19] INFO  o.e.m.c.i.embedder.EclipseLogger - Copying 0 resource
2019-03-01 12:38:00,875 [Worker-19] WARN  o.e.m.c.i.embedder.EclipseLogger - Using platform encoding (Cp1252 actually) to copy filtered resources, i.e. build is platform dependent!
2019-03-01 12:38:00,877 [Worker-19] INFO  o.e.m.c.i.embedder.EclipseLogger - Copying 0 resource
2019-03-01 12:38:00,878 [Worker-19] WARN  o.e.m.c.i.embedder.EclipseLogger - Using platform encoding (Cp1252 actually) to copy filtered resources, i.e. build is platform dependent!
2019-03-01 12:38:00,879 [Worker-19] INFO  o.e.m.c.i.embedder.EclipseLogger - Copying 0 resource
2019-03-01 12:39:08,403 [Worker-19] WARN  o.e.m.c.i.embedder.EclipseLogger - Using platform encoding (Cp1252 actually) to copy filtered resources, i.e. build is platform dependent!
2019-03-01 12:39:08,404 [Worker-19] INFO  o.e.m.c.i.embedder.EclipseLogger - Copying 0 resource
2019-03-01 12:39:08,404 [Worker-19] WARN  o.e.m.c.i.embedder.EclipseLogger - Using platform encoding (Cp1252 actually) to copy filtered resources, i.e. build is platform dependent!
2019-03-01 12:39:08,406 [Worker-19] INFO  o.e.m.c.i.embedder.EclipseLogger - Copying 0 resource
2019-03-01 12:40:29,299 [Worker-10] WARN  o.e.m.c.i.embedder.EclipseLogger - Using platform encoding (Cp1252 actually) to copy filtered resources, i.e. build is platform dependent!
2019-03-01 12:40:29,303 [Worker-10] INFO  o.e.m.c.i.embedder.EclipseLogger - Copying 0 resource
2019-03-01 12:40:29,304 [Worker-10] WARN  o.e.m.c.i.embedder.EclipseLogger - Using platform encoding (Cp1252 actually) to copy filtered resources, i.e. build is platform dependent!
2019-03-01 12:40:29,305 [Worker-10] INFO  o.e.m.c.i.embedder.EclipseLogger - Copying 0 resource
2019-03-01 12:40:35,330 [Worker-20] WARN  o.e.m.c.i.embedder.EclipseLogger - Using platform encoding (Cp1252 actually) to copy filtered resources, i.e. build is platform dependent!
2019-03-01 12:40:35,332 [Worker-20] INFO  o.e.m.c.i.embedder.EclipseLogger - Copying 0 resource
2019-03-01 12:40:35,333 [Worker-20] WARN  o.e.m.c.i.embedder.EclipseLogger - Using platform encoding (Cp1252 actually) to copy filtered resources, i.e. build is platform dependent!
2019-03-01 12:40:35,335 [Worker-20] INFO  o.e.m.c.i.embedder.EclipseLogger - Copying 0 resource
2019-03-01 12:41:46,860 [Worker-19] WARN  o.e.m.c.i.embedder.EclipseLogger - Using platform encoding (Cp1252 actually) to copy filtered resources, i.e. build is platform dependent!
2019-03-01 12:41:46,861 [Worker-19] INFO  o.e.m.c.i.embedder.EclipseLogger - Copying 0 resource
2019-03-01 12:41:46,862 [Worker-19] WARN  o.e.m.c.i.embedder.EclipseLogger - Using platform encoding (Cp1252 actually) to copy filtered resources, i.e. build is platform dependent!
2019-03-01 12:41:46,864 [Worker-19] INFO  o.e.m.c.i.embedder.EclipseLogger - Copying 0 resource
2019-03-01 12:42:25,162 [Worker-20] WARN  o.e.m.c.i.embedder.EclipseLogger - Using platform encoding (Cp1252 actually) to copy filtered resources, i.e. build is platform dependent!
2019-03-01 12:42:25,164 [Worker-20] INFO  o.e.m.c.i.embedder.EclipseLogger - Copying 0 resource
2019-03-01 12:42:25,166 [Worker-20] WARN  o.e.m.c.i.embedder.EclipseLogger - Using platform encoding (Cp1252 actually) to copy filtered resources, i.e. build is platform dependent!
2019-03-01 12:42:25,168 [Worker-20] INFO  o.e.m.c.i.embedder.EclipseLogger - Copying 0 resource
2019-03-01 12:43:14,997 [Worker-18] WARN  o.e.m.c.i.embedder.EclipseLogger - Using platform encoding (Cp1252 actually) to copy filtered resources, i.e. build is platform dependent!
2019-03-01 12:43:14,998 [Worker-18] INFO  o.e.m.c.i.embedder.EclipseLogger - Copying 0 resource
2019-03-01 12:43:14,999 [Worker-18] WARN  o.e.m.c.i.embedder.EclipseLogger - Using platform encoding (Cp1252 actually) to copy filtered resources, i.e. build is platform dependent!
2019-03-01 12:43:15,001 [Worker-18] INFO  o.e.m.c.i.embedder.EclipseLogger - Copying 0 resource
2019-03-01 12:44:31,003 [Worker-18] WARN  o.e.m.c.i.embedder.EclipseLogger - Using platform encoding (Cp1252 actually) to copy filtered resources, i.e. build is platform dependent!
2019-03-01 12:44:31,005 [Worker-18] INFO  o.e.m.c.i.embedder.EclipseLogger - Copying 0 resource
2019-03-01 12:44:31,006 [Worker-18] WARN  o.e.m.c.i.embedder.EclipseLogger - Using platform encoding (Cp1252 actually) to copy filtered resources, i.e. build is platform dependent!
2019-03-01 12:44:31,008 [Worker-18] INFO  o.e.m.c.i.embedder.EclipseLogger - Copying 0 resource
2019-03-01 12:46:12,536 [Worker-20] WARN  o.e.m.c.i.embedder.EclipseLogger - Using platform encoding (Cp1252 actually) to copy filtered resources, i.e. build is platform dependent!
2019-03-01 12:46:12,538 [Worker-20] INFO  o.e.m.c.i.embedder.EclipseLogger - Copying 0 resource
2019-03-01 12:46:12,539 [Worker-20] WARN  o.e.m.c.i.embedder.EclipseLogger - Using platform encoding (Cp1252 actually) to copy filtered resources, i.e. build is platform dependent!
2019-03-01 12:46:12,541 [Worker-20] INFO  o.e.m.c.i.embedder.EclipseLogger - Copying 0 resource
2019-03-01 12:52:03,740 [Worker-16] WARN  o.e.m.c.i.embedder.EclipseLogger - Using platform encoding (Cp1252 actually) to copy filtered resources, i.e. build is platform dependent!
2019-03-01 12:52:03,742 [Worker-16] INFO  o.e.m.c.i.embedder.EclipseLogger - Copying 0 resource
2019-03-01 12:52:03,743 [Worker-16] WARN  o.e.m.c.i.embedder.EclipseLogger - Using platform encoding (Cp1252 actually) to copy filtered resources, i.e. build is platform dependent!
2019-03-01 12:52:03,745 [Worker-16] INFO  o.e.m.c.i.embedder.EclipseLogger - Copying 0 resource
2019-03-01 12:58:55,576 [Worker-20] WARN  o.e.m.c.i.embedder.EclipseLogger - Using platform encoding (Cp1252 actually) to copy filtered resources, i.e. build is platform dependent!
2019-03-01 12:58:55,578 [Worker-20] INFO  o.e.m.c.i.embedder.EclipseLogger - Copying 0 resource
2019-03-01 12:58:55,580 [Worker-20] WARN  o.e.m.c.i.embedder.EclipseLogger - Using platform encoding (Cp1252 actually) to copy filtered resources, i.e. build is platform dependent!
2019-03-01 12:58:55,581 [Worker-20] INFO  o.e.m.c.i.embedder.EclipseLogger - Copying 0 resource
2019-03-01 13:00:06,603 [Worker-25] WARN  o.e.m.c.i.embedder.EclipseLogger - Using platform encoding (Cp1252 actually) to copy filtered resources, i.e. build is platform dependent!
2019-03-01 13:00:06,605 [Worker-25] INFO  o.e.m.c.i.embedder.EclipseLogger - Copying 0 resource
2019-03-01 13:00:06,606 [Worker-25] WARN  o.e.m.c.i.embedder.EclipseLogger - Using platform encoding (Cp1252 actually) to copy filtered resources, i.e. build is platform dependent!
2019-03-01 13:00:06,608 [Worker-25] INFO  o.e.m.c.i.embedder.EclipseLogger - Copying 0 resource
2019-03-01 13:45:51,049 [Worker-30] WARN  o.e.m.c.i.embedder.EclipseLogger - Using platform encoding (Cp1252 actually) to copy filtered resources, i.e. build is platform dependent!
2019-03-01 13:45:51,050 [Worker-30] INFO  o.e.m.c.i.embedder.EclipseLogger - Copying 0 resource
2019-03-01 13:45:51,051 [Worker-30] WARN  o.e.m.c.i.embedder.EclipseLogger - Using platform encoding (Cp1252 actually) to copy filtered resources, i.e. build is platform dependent!
2019-03-01 13:45:51,052 [Worker-30] INFO  o.e.m.c.i.embedder.EclipseLogger - Copying 0 resource
2019-03-01 13:48:04,420 [Worker-20] WARN  o.e.m.c.i.embedder.EclipseLogger - Using platform encoding (Cp1252 actually) to copy filtered resources, i.e. build is platform dependent!
2019-03-01 13:48:04,422 [Worker-20] INFO  o.e.m.c.i.embedder.EclipseLogger - Copying 0 resource
2019-03-01 13:48:04,423 [Worker-20] WARN  o.e.m.c.i.embedder.EclipseLogger - Using platform encoding (Cp1252 actually) to copy filtered resources, i.e. build is platform dependent!
2019-03-01 13:48:04,425 [Worker-20] INFO  o.e.m.c.i.embedder.EclipseLogger - Copying 0 resource
2019-03-01 13:49:09,325 [Worker-29] WARN  o.e.m.c.i.embedder.EclipseLogger - Using platform encoding (Cp1252 actually) to copy filtered resources, i.e. build is platform dependent!
2019-03-01 13:49:09,326 [Worker-29] INFO  o.e.m.c.i.embedder.EclipseLogger - Copying 0 resource
2019-03-01 13:49:09,327 [Worker-29] WARN  o.e.m.c.i.embedder.EclipseLogger - Using platform encoding (Cp1252 actually) to copy filtered resources, i.e. build is platform dependent!
2019-03-01 13:49:09,329 [Worker-29] INFO  o.e.m.c.i.embedder.EclipseLogger - Copying 0 resource
2019-03-01 13:49:37,529 [Worker-26] WARN  o.e.m.c.i.embedder.EclipseLogger - Using platform encoding (Cp1252 actually) to copy filtered resources, i.e. build is platform dependent!
2019-03-01 13:49:37,530 [Worker-26] INFO  o.e.m.c.i.embedder.EclipseLogger - Copying 0 resource
2019-03-01 13:49:37,531 [Worker-26] WARN  o.e.m.c.i.embedder.EclipseLogger - Using platform encoding (Cp1252 actually) to copy filtered resources, i.e. build is platform dependent!
2019-03-01 13:49:37,532 [Worker-26] INFO  o.e.m.c.i.embedder.EclipseLogger - Copying 0 resource
2019-03-01 13:50:54,683 [Worker-26] WARN  o.e.m.c.i.embedder.EclipseLogger - Using platform encoding (Cp1252 actually) to copy filtered resources, i.e. build is platform dependent!
2019-03-01 13:50:54,685 [Worker-26] INFO  o.e.m.c.i.embedder.EclipseLogger - Copying 0 resource
2019-03-01 13:50:54,687 [Worker-26] WARN  o.e.m.c.i.embedder.EclipseLogger - Using platform encoding (Cp1252 actually) to copy filtered resources, i.e. build is platform dependent!
2019-03-01 13:50:54,689 [Worker-26] INFO  o.e.m.c.i.embedder.EclipseLogger - Copying 0 resource
2019-03-01 13:51:41,695 [Worker-30] WARN  o.e.m.c.i.embedder.EclipseLogger - Using platform encoding (Cp1252 actually) to copy filtered resources, i.e. build is platform dependent!
2019-03-01 13:51:41,697 [Worker-30] INFO  o.e.m.c.i.embedder.EclipseLogger - Copying 0 resource
2019-03-01 13:51:41,698 [Worker-30] WARN  o.e.m.c.i.embedder.EclipseLogger - Using platform encoding (Cp1252 actually) to copy filtered resources, i.e. build is platform dependent!
2019-03-01 13:51:41,700 [Worker-30] INFO  o.e.m.c.i.embedder.EclipseLogger - Copying 0 resource
2019-03-01 13:52:06,979 [Worker-29] WARN  o.e.m.c.i.embedder.EclipseLogger - Using platform encoding (Cp1252 actually) to copy filtered resources, i.e. build is platform dependent!
2019-03-01 13:52:06,980 [Worker-29] INFO  o.e.m.c.i.embedder.EclipseLogger - Copying 0 resource
2019-03-01 13:52:06,981 [Worker-29] WARN  o.e.m.c.i.embedder.EclipseLogger - Using platform encoding (Cp1252 actually) to copy filtered resources, i.e. build is platform dependent!
2019-03-01 13:52:06,982 [Worker-29] INFO  o.e.m.c.i.embedder.EclipseLogger - Copying 0 resource
2019-03-01 13:58:21,402 [Worker-26] WARN  o.e.m.c.i.embedder.EclipseLogger - Using platform encoding (Cp1252 actually) to copy filtered resources, i.e. build is platform dependent!
2019-03-01 13:58:21,408 [Worker-26] INFO  o.e.m.c.i.embedder.EclipseLogger - Copying 0 resource
2019-03-01 13:58:21,410 [Worker-26] WARN  o.e.m.c.i.embedder.EclipseLogger - Using platform encoding (Cp1252 actually) to copy filtered resources, i.e. build is platform dependent!
2019-03-01 13:58:21,412 [Worker-26] INFO  o.e.m.c.i.embedder.EclipseLogger - Copying 0 resource
2019-03-01 14:02:59,611 [Worker-33] WARN  o.e.m.c.i.embedder.EclipseLogger - Using platform encoding (Cp1252 actually) to copy filtered resources, i.e. build is platform dependent!
2019-03-01 14:02:59,612 [Worker-33] INFO  o.e.m.c.i.embedder.EclipseLogger - Copying 0 resource
2019-03-01 14:02:59,613 [Worker-33] WARN  o.e.m.c.i.embedder.EclipseLogger - Using platform encoding (Cp1252 actually) to copy filtered resources, i.e. build is platform dependent!
2019-03-01 14:02:59,614 [Worker-33] INFO  o.e.m.c.i.embedder.EclipseLogger - Copying 0 resource
2019-03-01 14:03:57,718 [Worker-23] WARN  o.e.m.c.i.embedder.EclipseLogger - Using platform encoding (Cp1252 actually) to copy filtered resources, i.e. build is platform dependent!
2019-03-01 14:03:57,719 [Worker-23] INFO  o.e.m.c.i.embedder.EclipseLogger - Copying 0 resource
2019-03-01 14:03:57,720 [Worker-23] WARN  o.e.m.c.i.embedder.EclipseLogger - Using platform encoding (Cp1252 actually) to copy filtered resources, i.e. build is platform dependent!
2019-03-01 14:03:57,722 [Worker-23] INFO  o.e.m.c.i.embedder.EclipseLogger - Copying 0 resource
2019-03-01 14:05:47,569 [Worker-30] WARN  o.e.m.c.i.embedder.EclipseLogger - Using platform encoding (Cp1252 actually) to copy filtered resources, i.e. build is platform dependent!
2019-03-01 14:05:47,571 [Worker-30] INFO  o.e.m.c.i.embedder.EclipseLogger - Copying 0 resource
2019-03-01 14:05:47,572 [Worker-30] WARN  o.e.m.c.i.embedder.EclipseLogger - Using platform encoding (Cp1252 actually) to copy filtered resources, i.e. build is platform dependent!
2019-03-01 14:05:47,574 [Worker-30] INFO  o.e.m.c.i.embedder.EclipseLogger - Copying 0 resource
2019-03-01 14:06:31,187 [Worker-20] WARN  o.e.m.c.i.embedder.EclipseLogger - Using platform encoding (Cp1252 actually) to copy filtered resources, i.e. build is platform dependent!
2019-03-01 14:06:31,189 [Worker-20] INFO  o.e.m.c.i.embedder.EclipseLogger - Copying 0 resource
2019-03-01 14:06:31,190 [Worker-20] WARN  o.e.m.c.i.embedder.EclipseLogger - Using platform encoding (Cp1252 actually) to copy filtered resources, i.e. build is platform dependent!
2019-03-01 14:06:31,191 [Worker-20] INFO  o.e.m.c.i.embedder.EclipseLogger - Copying 0 resource
2019-03-01 14:09:03,604 [Worker-20] WARN  o.e.m.c.i.embedder.EclipseLogger - Using platform encoding (Cp1252 actually) to copy filtered resources, i.e. build is platform dependent!
2019-03-01 14:09:03,605 [Worker-20] INFO  o.e.m.c.i.embedder.EclipseLogger - Copying 0 resource
2019-03-01 14:09:03,606 [Worker-20] WARN  o.e.m.c.i.embedder.EclipseLogger - Using platform encoding (Cp1252 actually) to copy filtered resources, i.e. build is platform dependent!
2019-03-01 14:09:03,607 [Worker-20] INFO  o.e.m.c.i.embedder.EclipseLogger - Copying 0 resource
2019-03-01 14:17:28,352 [Worker-30] WARN  o.e.m.c.i.embedder.EclipseLogger - Using platform encoding (Cp1252 actually) to copy filtered resources, i.e. build is platform dependent!
2019-03-01 14:17:28,353 [Worker-30] INFO  o.e.m.c.i.embedder.EclipseLogger - Copying 0 resource
2019-03-01 14:17:28,355 [Worker-30] WARN  o.e.m.c.i.embedder.EclipseLogger - Using platform encoding (Cp1252 actually) to copy filtered resources, i.e. build is platform dependent!
2019-03-01 14:17:28,357 [Worker-30] INFO  o.e.m.c.i.embedder.EclipseLogger - Copying 0 resource
2019-03-01 14:17:34,867 [Worker-23] WARN  o.e.m.c.i.embedder.EclipseLogger - Using platform encoding (Cp1252 actually) to copy filtered resources, i.e. build is platform dependent!
2019-03-01 14:17:34,868 [Worker-23] INFO  o.e.m.c.i.embedder.EclipseLogger - Copying 0 resource
2019-03-01 14:17:34,869 [Worker-23] WARN  o.e.m.c.i.embedder.EclipseLogger - Using platform encoding (Cp1252 actually) to copy filtered resources, i.e. build is platform dependent!
2019-03-01 14:17:34,870 [Worker-23] INFO  o.e.m.c.i.embedder.EclipseLogger - Copying 0 resource
2019-03-01 14:20:57,049 [Worker-32] WARN  o.e.m.c.i.embedder.EclipseLogger - Using platform encoding (Cp1252 actually) to copy filtered resources, i.e. build is platform dependent!
2019-03-01 14:20:57,050 [Worker-32] INFO  o.e.m.c.i.embedder.EclipseLogger - Copying 0 resource
2019-03-01 14:20:57,051 [Worker-32] WARN  o.e.m.c.i.embedder.EclipseLogger - Using platform encoding (Cp1252 actually) to copy filtered resources, i.e. build is platform dependent!
2019-03-01 14:20:57,052 [Worker-32] INFO  o.e.m.c.i.embedder.EclipseLogger - Copying 0 resource
2019-03-01 14:24:20,777 [Worker-35] WARN  o.e.m.c.i.embedder.EclipseLogger - Using platform encoding (Cp1252 actually) to copy filtered resources, i.e. build is platform dependent!
2019-03-01 14:24:20,778 [Worker-35] INFO  o.e.m.c.i.embedder.EclipseLogger - Copying 0 resource
2019-03-01 14:24:20,779 [Worker-35] WARN  o.e.m.c.i.embedder.EclipseLogger - Using platform encoding (Cp1252 actually) to copy filtered resources, i.e. build is platform dependent!
2019-03-01 14:24:20,780 [Worker-35] INFO  o.e.m.c.i.embedder.EclipseLogger - Copying 0 resource
2019-03-01 14:25:02,103 [Worker-23] WARN  o.e.m.c.i.embedder.EclipseLogger - Using platform encoding (Cp1252 actually) to copy filtered resources, i.e. build is platform dependent!
2019-03-01 14:25:02,104 [Worker-23] INFO  o.e.m.c.i.embedder.EclipseLogger - Copying 0 resource
2019-03-01 14:25:02,105 [Worker-23] WARN  o.e.m.c.i.embedder.EclipseLogger - Using platform encoding (Cp1252 actually) to copy filtered resources, i.e. build is platform dependent!
2019-03-01 14:25:02,106 [Worker-23] INFO  o.e.m.c.i.embedder.EclipseLogger - Copying 0 resource
2019-03-01 14:37:31,687 [Worker-33] WARN  o.e.m.c.i.embedder.EclipseLogger - Using platform encoding (Cp1252 actually) to copy filtered resources, i.e. build is platform dependent!
2019-03-01 14:37:31,688 [Worker-33] INFO  o.e.m.c.i.embedder.EclipseLogger - Copying 0 resource
2019-03-01 14:37:31,689 [Worker-33] WARN  o.e.m.c.i.embedder.EclipseLogger - Using platform encoding (Cp1252 actually) to copy filtered resources, i.e. build is platform dependent!
2019-03-01 14:37:31,690 [Worker-33] INFO  o.e.m.c.i.embedder.EclipseLogger - Copying 0 resource
2019-03-01 14:40:14,525 [Worker-36] WARN  o.e.m.c.i.embedder.EclipseLogger - Using platform encoding (Cp1252 actually) to copy filtered resources, i.e. build is platform dependent!
2019-03-01 14:40:14,526 [Worker-36] INFO  o.e.m.c.i.embedder.EclipseLogger - Copying 0 resource
2019-03-01 14:40:14,527 [Worker-36] WARN  o.e.m.c.i.embedder.EclipseLogger - Using platform encoding (Cp1252 actually) to copy filtered resources, i.e. build is platform dependent!
2019-03-01 14:40:14,528 [Worker-36] INFO  o.e.m.c.i.embedder.EclipseLogger - Copying 0 resource
2019-03-01 14:41:56,659 [Worker-38] WARN  o.e.m.c.i.embedder.EclipseLogger - Using platform encoding (Cp1252 actually) to copy filtered resources, i.e. build is platform dependent!
2019-03-01 14:41:56,661 [Worker-38] INFO  o.e.m.c.i.embedder.EclipseLogger - Copying 0 resource
2019-03-01 14:41:56,662 [Worker-38] WARN  o.e.m.c.i.embedder.EclipseLogger - Using platform encoding (Cp1252 actually) to copy filtered resources, i.e. build is platform dependent!
2019-03-01 14:41:56,663 [Worker-38] INFO  o.e.m.c.i.embedder.EclipseLogger - Copying 0 resource
2019-03-01 14:42:16,520 [Worker-38] WARN  o.e.m.c.i.embedder.EclipseLogger - Using platform encoding (Cp1252 actually) to copy filtered resources, i.e. build is platform dependent!
2019-03-01 14:42:16,522 [Worker-38] INFO  o.e.m.c.i.embedder.EclipseLogger - Copying 0 resource
2019-03-01 14:42:16,523 [Worker-38] WARN  o.e.m.c.i.embedder.EclipseLogger - Using platform encoding (Cp1252 actually) to copy filtered resources, i.e. build is platform dependent!
2019-03-01 14:42:16,524 [Worker-38] INFO  o.e.m.c.i.embedder.EclipseLogger - Copying 0 resource
2019-03-01 14:42:25,882 [Worker-36] WARN  o.e.m.c.i.embedder.EclipseLogger - Using platform encoding (Cp1252 actually) to copy filtered resources, i.e. build is platform dependent!
2019-03-01 14:42:25,883 [Worker-36] INFO  o.e.m.c.i.embedder.EclipseLogger - Copying 0 resource
2019-03-01 14:42:25,884 [Worker-36] WARN  o.e.m.c.i.embedder.EclipseLogger - Using platform encoding (Cp1252 actually) to copy filtered resources, i.e. build is platform dependent!
2019-03-01 14:42:25,885 [Worker-36] INFO  o.e.m.c.i.embedder.EclipseLogger - Copying 0 resource
2019-03-01 14:42:33,498 [Worker-37] WARN  o.e.m.c.i.embedder.EclipseLogger - Using platform encoding (Cp1252 actually) to copy filtered resources, i.e. build is platform dependent!
2019-03-01 14:42:33,499 [Worker-37] INFO  o.e.m.c.i.embedder.EclipseLogger - Copying 0 resource
2019-03-01 14:42:33,499 [Worker-37] WARN  o.e.m.c.i.embedder.EclipseLogger - Using platform encoding (Cp1252 actually) to copy filtered resources, i.e. build is platform dependent!
2019-03-01 14:42:33,501 [Worker-37] INFO  o.e.m.c.i.embedder.EclipseLogger - Copying 0 resource
2019-03-01 14:45:46,432 [Worker-36] WARN  o.e.m.c.i.embedder.EclipseLogger - Using platform encoding (Cp1252 actually) to copy filtered resources, i.e. build is platform dependent!
2019-03-01 14:45:46,433 [Worker-36] INFO  o.e.m.c.i.embedder.EclipseLogger - Copying 0 resource
2019-03-01 14:45:46,433 [Worker-36] WARN  o.e.m.c.i.embedder.EclipseLogger - Using platform encoding (Cp1252 actually) to copy filtered resources, i.e. build is platform dependent!
2019-03-01 14:45:46,435 [Worker-36] INFO  o.e.m.c.i.embedder.EclipseLogger - Copying 0 resource
2019-03-01 14:47:16,882 [Worker-33] WARN  o.e.m.c.i.embedder.EclipseLogger - Using platform encoding (Cp1252 actually) to copy filtered resources, i.e. build is platform dependent!
2019-03-01 14:47:16,883 [Worker-33] INFO  o.e.m.c.i.embedder.EclipseLogger - Copying 0 resource
2019-03-01 14:47:16,884 [Worker-33] WARN  o.e.m.c.i.embedder.EclipseLogger - Using platform encoding (Cp1252 actually) to copy filtered resources, i.e. build is platform dependent!
2019-03-01 14:47:16,885 [Worker-33] INFO  o.e.m.c.i.embedder.EclipseLogger - Copying 0 resource
2019-03-01 14:48:35,282 [Worker-38] WARN  o.e.m.c.i.embedder.EclipseLogger - Using platform encoding (Cp1252 actually) to copy filtered resources, i.e. build is platform dependent!
2019-03-01 14:48:35,284 [Worker-38] INFO  o.e.m.c.i.embedder.EclipseLogger - Copying 0 resource
2019-03-01 14:48:35,285 [Worker-38] WARN  o.e.m.c.i.embedder.EclipseLogger - Using platform encoding (Cp1252 actually) to copy filtered resources, i.e. build is platform dependent!
2019-03-01 14:48:35,287 [Worker-38] INFO  o.e.m.c.i.embedder.EclipseLogger - Copying 0 resource
2019-03-01 14:50:27,620 [Worker-39] WARN  o.e.m.c.i.embedder.EclipseLogger - Using platform encoding (Cp1252 actually) to copy filtered resources, i.e. build is platform dependent!
2019-03-01 14:50:27,622 [Worker-39] INFO  o.e.m.c.i.embedder.EclipseLogger - Copying 0 resource
2019-03-01 14:50:27,622 [Worker-39] WARN  o.e.m.c.i.embedder.EclipseLogger - Using platform encoding (Cp1252 actually) to copy filtered resources, i.e. build is platform dependent!
2019-03-01 14:50:27,624 [Worker-39] INFO  o.e.m.c.i.embedder.EclipseLogger - Copying 0 resource
2019-03-01 14:53:10,860 [Worker-38] WARN  o.e.m.c.i.embedder.EclipseLogger - Using platform encoding (Cp1252 actually) to copy filtered resources, i.e. build is platform dependent!
2019-03-01 14:53:10,861 [Worker-38] INFO  o.e.m.c.i.embedder.EclipseLogger - Copying 0 resource
2019-03-01 14:53:10,862 [Worker-38] WARN  o.e.m.c.i.embedder.EclipseLogger - Using platform encoding (Cp1252 actually) to copy filtered resources, i.e. build is platform dependent!
2019-03-01 14:53:10,863 [Worker-38] INFO  o.e.m.c.i.embedder.EclipseLogger - Copying 0 resource
2019-03-01 14:54:34,131 [Worker-32] WARN  o.e.m.c.i.embedder.EclipseLogger - Using platform encoding (Cp1252 actually) to copy filtered resources, i.e. build is platform dependent!
2019-03-01 14:54:34,132 [Worker-32] INFO  o.e.m.c.i.embedder.EclipseLogger - Copying 0 resource
2019-03-01 14:54:34,133 [Worker-32] WARN  o.e.m.c.i.embedder.EclipseLogger - Using platform encoding (Cp1252 actually) to copy filtered resources, i.e. build is platform dependent!
2019-03-01 14:54:34,136 [Worker-32] INFO  o.e.m.c.i.embedder.EclipseLogger - Copying 0 resource
2019-03-01 14:58:44,138 [Worker-41] WARN  o.e.m.c.i.embedder.EclipseLogger - Using platform encoding (Cp1252 actually) to copy filtered resources, i.e. build is platform dependent!
2019-03-01 14:58:44,139 [Worker-41] INFO  o.e.m.c.i.embedder.EclipseLogger - Copying 0 resource
2019-03-01 14:58:44,140 [Worker-41] WARN  o.e.m.c.i.embedder.EclipseLogger - Using platform encoding (Cp1252 actually) to copy filtered resources, i.e. build is platform dependent!
2019-03-01 14:58:44,140 [Worker-41] INFO  o.e.m.c.i.embedder.EclipseLogger - Copying 0 resource
2019-03-01 14:59:59,749 [Worker-33] WARN  o.e.m.c.i.embedder.EclipseLogger - Using platform encoding (Cp1252 actually) to copy filtered resources, i.e. build is platform dependent!
2019-03-01 14:59:59,750 [Worker-33] INFO  o.e.m.c.i.embedder.EclipseLogger - Copying 0 resource
2019-03-01 14:59:59,751 [Worker-33] WARN  o.e.m.c.i.embedder.EclipseLogger - Using platform encoding (Cp1252 actually) to copy filtered resources, i.e. build is platform dependent!
2019-03-01 14:59:59,752 [Worker-33] INFO  o.e.m.c.i.embedder.EclipseLogger - Copying 0 resource
2019-03-01 15:00:09,717 [Worker-40] WARN  o.e.m.c.i.embedder.EclipseLogger - Using platform encoding (Cp1252 actually) to copy filtered resources, i.e. build is platform dependent!
2019-03-01 15:00:09,719 [Worker-40] INFO  o.e.m.c.i.embedder.EclipseLogger - Copying 0 resource
2019-03-01 15:00:09,720 [Worker-40] WARN  o.e.m.c.i.embedder.EclipseLogger - Using platform encoding (Cp1252 actually) to copy filtered resources, i.e. build is platform dependent!
2019-03-01 15:00:09,721 [Worker-40] INFO  o.e.m.c.i.embedder.EclipseLogger - Copying 0 resource
2019-03-01 15:00:13,762 [Worker-36] WARN  o.e.m.c.i.embedder.EclipseLogger - Using platform encoding (Cp1252 actually) to copy filtered resources, i.e. build is platform dependent!
2019-03-01 15:00:13,763 [Worker-36] INFO  o.e.m.c.i.embedder.EclipseLogger - Copying 0 resource
2019-03-01 15:00:13,763 [Worker-36] WARN  o.e.m.c.i.embedder.EclipseLogger - Using platform encoding (Cp1252 actually) to copy filtered resources, i.e. build is platform dependent!
2019-03-01 15:00:13,765 [Worker-36] INFO  o.e.m.c.i.embedder.EclipseLogger - Copying 0 resource
2019-03-01 15:01:41,179 [Worker-40] WARN  o.e.m.c.i.embedder.EclipseLogger - Using platform encoding (Cp1252 actually) to copy filtered resources, i.e. build is platform dependent!
2019-03-01 15:01:41,181 [Worker-40] INFO  o.e.m.c.i.embedder.EclipseLogger - Copying 0 resource
2019-03-01 15:01:41,181 [Worker-40] WARN  o.e.m.c.i.embedder.EclipseLogger - Using platform encoding (Cp1252 actually) to copy filtered resources, i.e. build is platform dependent!
2019-03-01 15:01:41,183 [Worker-40] INFO  o.e.m.c.i.embedder.EclipseLogger - Copying 0 resource
2019-03-01 15:03:46,386 [Worker-36] WARN  o.e.m.c.i.embedder.EclipseLogger - Using platform encoding (Cp1252 actually) to copy filtered resources, i.e. build is platform dependent!
2019-03-01 15:03:46,388 [Worker-36] INFO  o.e.m.c.i.embedder.EclipseLogger - Copying 0 resource
2019-03-01 15:03:46,390 [Worker-36] WARN  o.e.m.c.i.embedder.EclipseLogger - Using platform encoding (Cp1252 actually) to copy filtered resources, i.e. build is platform dependent!
2019-03-01 15:03:46,390 [Worker-36] INFO  o.e.m.c.i.embedder.EclipseLogger - Copying 0 resource
2019-03-01 15:06:30,928 [Worker-37] WARN  o.e.m.c.i.embedder.EclipseLogger - Using platform encoding (Cp1252 actually) to copy filtered resources, i.e. build is platform dependent!
2019-03-01 15:06:30,929 [Worker-37] INFO  o.e.m.c.i.embedder.EclipseLogger - Copying 0 resource
2019-03-01 15:06:30,930 [Worker-37] WARN  o.e.m.c.i.embedder.EclipseLogger - Using platform encoding (Cp1252 actually) to copy filtered resources, i.e. build is platform dependent!
2019-03-01 15:06:30,932 [Worker-37] INFO  o.e.m.c.i.embedder.EclipseLogger - Copying 0 resource
2019-03-01 15:12:38,656 [Worker-36] WARN  o.e.m.c.i.embedder.EclipseLogger - Using platform encoding (Cp1252 actually) to copy filtered resources, i.e. build is platform dependent!
2019-03-01 15:12:38,657 [Worker-36] INFO  o.e.m.c.i.embedder.EclipseLogger - Copying 0 resource
2019-03-01 15:12:38,658 [Worker-36] WARN  o.e.m.c.i.embedder.EclipseLogger - Using platform encoding (Cp1252 actually) to copy filtered resources, i.e. build is platform dependent!
2019-03-01 15:12:38,659 [Worker-36] INFO  o.e.m.c.i.embedder.EclipseLogger - Copying 0 resource
2019-03-01 15:13:20,969 [Worker-47] WARN  o.e.m.c.i.embedder.EclipseLogger - Using platform encoding (Cp1252 actually) to copy filtered resources, i.e. build is platform dependent!
2019-03-01 15:13:20,970 [Worker-47] INFO  o.e.m.c.i.embedder.EclipseLogger - Copying 0 resource
2019-03-01 15:13:20,971 [Worker-47] WARN  o.e.m.c.i.embedder.EclipseLogger - Using platform encoding (Cp1252 actually) to copy filtered resources, i.e. build is platform dependent!
2019-03-01 15:13:20,973 [Worker-47] INFO  o.e.m.c.i.embedder.EclipseLogger - Copying 0 resource
2019-03-01 15:15:48,729 [Worker-45] WARN  o.e.m.c.i.embedder.EclipseLogger - Using platform encoding (Cp1252 actually) to copy filtered resources, i.e. build is platform dependent!
2019-03-01 15:15:48,731 [Worker-45] INFO  o.e.m.c.i.embedder.EclipseLogger - Copying 0 resource
2019-03-01 15:15:48,731 [Worker-45] WARN  o.e.m.c.i.embedder.EclipseLogger - Using platform encoding (Cp1252 actually) to copy filtered resources, i.e. build is platform dependent!
2019-03-01 15:15:48,732 [Worker-45] INFO  o.e.m.c.i.embedder.EclipseLogger - Copying 0 resource
2019-03-01 15:16:00,700 [Worker-45] WARN  o.e.m.c.i.embedder.EclipseLogger - Using platform encoding (Cp1252 actually) to copy filtered resources, i.e. build is platform dependent!
2019-03-01 15:16:00,701 [Worker-45] INFO  o.e.m.c.i.embedder.EclipseLogger - Copying 0 resource
2019-03-01 15:16:00,702 [Worker-45] WARN  o.e.m.c.i.embedder.EclipseLogger - Using platform encoding (Cp1252 actually) to copy filtered resources, i.e. build is platform dependent!
2019-03-01 15:16:00,704 [Worker-45] INFO  o.e.m.c.i.embedder.EclipseLogger - Copying 0 resource
2019-03-01 15:17:05,099 [Worker-46] WARN  o.e.m.c.i.embedder.EclipseLogger - Using platform encoding (Cp1252 actually) to copy filtered resources, i.e. build is platform dependent!
2019-03-01 15:17:05,102 [Worker-46] INFO  o.e.m.c.i.embedder.EclipseLogger - Copying 0 resource
2019-03-01 15:17:05,103 [Worker-46] WARN  o.e.m.c.i.embedder.EclipseLogger - Using platform encoding (Cp1252 actually) to copy filtered resources, i.e. build is platform dependent!
2019-03-01 15:17:05,105 [Worker-46] INFO  o.e.m.c.i.embedder.EclipseLogger - Copying 0 resource
2019-03-01 15:19:40,428 [Worker-46] WARN  o.e.m.c.i.embedder.EclipseLogger - Using platform encoding (Cp1252 actually) to copy filtered resources, i.e. build is platform dependent!
2019-03-01 15:19:40,430 [Worker-46] INFO  o.e.m.c.i.embedder.EclipseLogger - Copying 0 resource
2019-03-01 15:19:40,430 [Worker-46] WARN  o.e.m.c.i.embedder.EclipseLogger - Using platform encoding (Cp1252 actually) to copy filtered resources, i.e. build is platform dependent!
2019-03-01 15:19:40,431 [Worker-46] INFO  o.e.m.c.i.embedder.EclipseLogger - Copying 0 resource
2019-03-01 15:19:55,304 [Worker-36] WARN  o.e.m.c.i.embedder.EclipseLogger - Using platform encoding (Cp1252 actually) to copy filtered resources, i.e. build is platform dependent!
2019-03-01 15:19:55,305 [Worker-36] INFO  o.e.m.c.i.embedder.EclipseLogger - Copying 0 resource
2019-03-01 15:19:55,306 [Worker-36] WARN  o.e.m.c.i.embedder.EclipseLogger - Using platform encoding (Cp1252 actually) to copy filtered resources, i.e. build is platform dependent!
2019-03-01 15:19:55,307 [Worker-36] INFO  o.e.m.c.i.embedder.EclipseLogger - Copying 0 resource
2019-03-01 15:20:13,682 [Worker-47] WARN  o.e.m.c.i.embedder.EclipseLogger - Using platform encoding (Cp1252 actually) to copy filtered resources, i.e. build is platform dependent!
2019-03-01 15:20:13,683 [Worker-47] INFO  o.e.m.c.i.embedder.EclipseLogger - Copying 0 resource
2019-03-01 15:20:13,684 [Worker-47] WARN  o.e.m.c.i.embedder.EclipseLogger - Using platform encoding (Cp1252 actually) to copy filtered resources, i.e. build is platform dependent!
2019-03-01 15:20:13,685 [Worker-47] INFO  o.e.m.c.i.embedder.EclipseLogger - Copying 0 resource
2019-03-01 15:20:55,017 [Worker-37] WARN  o.e.m.c.i.embedder.EclipseLogger - Using platform encoding (Cp1252 actually) to copy filtered resources, i.e. build is platform dependent!
2019-03-01 15:20:55,018 [Worker-37] INFO  o.e.m.c.i.embedder.EclipseLogger - Copying 0 resource
2019-03-01 15:20:55,019 [Worker-37] WARN  o.e.m.c.i.embedder.EclipseLogger - Using platform encoding (Cp1252 actually) to copy filtered resources, i.e. build is platform dependent!
2019-03-01 15:20:55,020 [Worker-37] INFO  o.e.m.c.i.embedder.EclipseLogger - Copying 0 resource
2019-03-01 15:21:11,397 [Worker-47] WARN  o.e.m.c.i.embedder.EclipseLogger - Using platform encoding (Cp1252 actually) to copy filtered resources, i.e. build is platform dependent!
2019-03-01 15:21:11,398 [Worker-47] INFO  o.e.m.c.i.embedder.EclipseLogger - Copying 0 resource
2019-03-01 15:21:11,398 [Worker-47] WARN  o.e.m.c.i.embedder.EclipseLogger - Using platform encoding (Cp1252 actually) to copy filtered resources, i.e. build is platform dependent!
2019-03-01 15:21:11,400 [Worker-47] INFO  o.e.m.c.i.embedder.EclipseLogger - Copying 0 resource
2019-03-01 15:21:45,693 [Worker-36] WARN  o.e.m.c.i.embedder.EclipseLogger - Using platform encoding (Cp1252 actually) to copy filtered resources, i.e. build is platform dependent!
2019-03-01 15:21:45,694 [Worker-36] INFO  o.e.m.c.i.embedder.EclipseLogger - Copying 0 resource
2019-03-01 15:21:45,695 [Worker-36] WARN  o.e.m.c.i.embedder.EclipseLogger - Using platform encoding (Cp1252 actually) to copy filtered resources, i.e. build is platform dependent!
2019-03-01 15:21:45,697 [Worker-36] INFO  o.e.m.c.i.embedder.EclipseLogger - Copying 0 resource
